**********************
* MERGE PROGRESS LOG *
**********************
[2025-05-29 10:12:39] [INFO]: Starting merge for Project: D:\@MyUniver\@PROJECT\Project\IM\HMI\I\0\Context.wrk
[2025-05-29 10:12:39] [INFO]: Setting up Full Project Merge...
[2025-05-29 10:12:40] [WARNING]: Open optional file failed: D:\@MyUniver\@PROJECT\Project\IM\HMI\I\0\Context.wrk\system\runtime.rdf
[2025-05-29 10:12:40] [WARNING]: Open optional file failed: D:\@MyUniver\@PROJECT\Project\IM\HMI\I\0\Context.wrk\system\persistent.rdf
[2025-05-29 10:12:40] [WARNING]: Open optional file failed: D:\@MyUniver\@PROJECT\Project\IM\HMI\I\0\Context.wrk\deltas\713\runtime.rdf
[2025-05-29 10:12:40] [WARNING]: Open optional file failed: D:\@MyUniver\@PROJECT\Project\IM\HMI\I\0\Context.wrk\deltas\713\persistent.rdf
[2025-05-29 10:12:40] [INFO]: Number of Jobs to execute: 145
[2025-05-29 10:12:40] [INFO]: Starting Job number 1: MERGE JOB
[2025-05-29 10:12:40] [INFO]: The job was executed succesfully.
[2025-05-29 10:12:40] [INFO]: Starting Job number 2: MERGE JOB
[2025-05-29 10:12:40] [INFO]: The job was executed succesfully.
[2025-05-29 10:12:40] [INFO]: Starting Job number 3: MERGE JOB
[2025-05-29 10:12:40] [INFO]: The job was executed succesfully.
[2025-05-29 10:12:40] [INFO]: Starting Job number 4: MERGE JOB
[2025-05-29 10:12:40] [INFO]: The job was executed succesfully.
[2025-05-29 10:12:40] [INFO]: Starting Job number 5: MERGE JOB
[2025-05-29 10:12:40] [INFO]: The job was executed succesfully.
[2025-05-29 10:12:40] [INFO]: Starting Job number 6: MERGE JOB
[2025-05-29 10:12:40] [INFO]: The job was executed succesfully.
[2025-05-29 10:12:40] [INFO]: Starting Job number 7: MERGE JOB
[2025-05-29 10:12:40] [INFO]: The job was executed succesfully.
[2025-05-29 10:12:40] [INFO]: Starting Job number 8: JOIN JOB
[2025-05-29 10:12:40] [INFO]: The job was executed succesfully.
[2025-05-29 10:12:40] [INFO]: Starting Job number 9: FINALIZE JOB
[2025-05-29 10:12:40] [INFO]: The job was executed succesfully.
[2025-05-29 10:12:40] [INFO]: Starting Job number 10: DELETE JOB
[2025-05-29 10:12:40] [INFO]: The job was executed succesfully.
[2025-05-29 10:12:40] [INFO]: Starting Job number 11: DELETE JOB
[2025-05-29 10:12:40] [INFO]: The job was executed succesfully.
[2025-05-29 10:12:40] [INFO]: Starting Job number 12: DELETE JOB
[2025-05-29 10:12:40] [INFO]: The job was executed succesfully.
[2025-05-29 10:12:40] [INFO]: Starting Job number 13: DELETE JOB
[2025-05-29 10:12:40] [INFO]: The job was executed succesfully.
[2025-05-29 10:12:40] [INFO]: Starting Job number 14: DELETE JOB
[2025-05-29 10:12:40] [INFO]: The job was executed succesfully.
[2025-05-29 10:12:40] [INFO]: Starting Job number 15: DELETE JOB
[2025-05-29 10:12:40] [INFO]: The job was executed succesfully.
[2025-05-29 10:12:40] [INFO]: Starting Job number 16: DELETE JOB
[2025-05-29 10:12:40] [INFO]: The job was executed succesfully.
[2025-05-29 10:12:40] [INFO]: Starting Job number 17: MERGE JOB
[2025-05-29 10:12:40] [INFO]: The job was executed succesfully.
[2025-05-29 10:12:40] [INFO]: Starting Job number 18: MERGE JOB
[2025-05-29 10:12:40] [INFO]: The job was executed succesfully.
[2025-05-29 10:12:40] [INFO]: Starting Job number 19: MERGE JOB
[2025-05-29 10:12:40] [INFO]: The job was executed succesfully.
[2025-05-29 10:12:40] [INFO]: Starting Job number 20: MERGE JOB
[2025-05-29 10:12:40] [INFO]: The job was executed succesfully.
[2025-05-29 10:12:40] [INFO]: Starting Job number 21: MERGE JOB
[2025-05-29 10:12:40] [INFO]: The job was executed succesfully.
[2025-05-29 10:12:40] [INFO]: Starting Job number 22: MERGE JOB
[2025-05-29 10:12:40] [INFO]: The job was executed succesfully.
[2025-05-29 10:12:40] [INFO]: Starting Job number 23: MERGE JOB
[2025-05-29 10:12:40] [INFO]: The job was executed succesfully.
[2025-05-29 10:12:40] [INFO]: Starting Job number 24: JOIN JOB
[2025-05-29 10:12:40] [INFO]: The job was executed succesfully.
[2025-05-29 10:12:40] [INFO]: Starting Job number 25: FINALIZE JOB
[2025-05-29 10:12:40] [INFO]: The job was executed succesfully.
[2025-05-29 10:12:40] [INFO]: Starting Job number 26: DELETE JOB
[2025-05-29 10:12:40] [INFO]: The job was executed succesfully.
[2025-05-29 10:12:40] [INFO]: Starting Job number 27: DELETE JOB
[2025-05-29 10:12:40] [INFO]: The job was executed succesfully.
[2025-05-29 10:12:40] [INFO]: Starting Job number 28: DELETE JOB
[2025-05-29 10:12:40] [INFO]: The job was executed succesfully.
[2025-05-29 10:12:40] [INFO]: Starting Job number 29: DELETE JOB
[2025-05-29 10:12:40] [INFO]: The job was executed succesfully.
[2025-05-29 10:12:40] [INFO]: Starting Job number 30: DELETE JOB
[2025-05-29 10:12:40] [INFO]: The job was executed succesfully.
[2025-05-29 10:12:40] [INFO]: Starting Job number 31: DELETE JOB
[2025-05-29 10:12:40] [INFO]: The job was executed succesfully.
[2025-05-29 10:12:40] [INFO]: Starting Job number 32: DELETE JOB
[2025-05-29 10:12:40] [INFO]: The job was executed succesfully.
[2025-05-29 10:12:40] [INFO]: Starting Job number 33: MERGE JOB
[2025-05-29 10:12:40] [INFO]: The job was executed succesfully.
[2025-05-29 10:12:40] [INFO]: Starting Job number 34: MERGE JOB
[2025-05-29 10:12:40] [INFO]: The job was executed succesfully.
[2025-05-29 10:12:40] [INFO]: Starting Job number 35: MERGE JOB
[2025-05-29 10:12:40] [INFO]: The job was executed succesfully.
[2025-05-29 10:12:40] [INFO]: Starting Job number 36: MERGE JOB
[2025-05-29 10:12:40] [INFO]: The job was executed succesfully.
[2025-05-29 10:12:40] [INFO]: Starting Job number 37: MERGE JOB
[2025-05-29 10:12:40] [INFO]: The job was executed succesfully.
[2025-05-29 10:12:40] [INFO]: Starting Job number 38: MERGE JOB
[2025-05-29 10:12:40] [INFO]: The job was executed succesfully.
[2025-05-29 10:12:40] [INFO]: Starting Job number 39: MERGE JOB
[2025-05-29 10:12:40] [INFO]: The job was executed succesfully.
[2025-05-29 10:12:40] [INFO]: Starting Job number 40: JOIN JOB
[2025-05-29 10:12:40] [INFO]: The job was executed succesfully.
[2025-05-29 10:12:40] [INFO]: Starting Job number 41: FINALIZE JOB
[2025-05-29 10:12:40] [INFO]: The job was executed succesfully.
[2025-05-29 10:12:40] [INFO]: Starting Job number 42: DELETE JOB
[2025-05-29 10:12:40] [INFO]: The job was executed succesfully.
[2025-05-29 10:12:40] [INFO]: Starting Job number 43: DELETE JOB
[2025-05-29 10:12:40] [INFO]: The job was executed succesfully.
[2025-05-29 10:12:40] [INFO]: Starting Job number 44: DELETE JOB
[2025-05-29 10:12:40] [INFO]: The job was executed succesfully.
[2025-05-29 10:12:40] [INFO]: Starting Job number 45: DELETE JOB
[2025-05-29 10:12:40] [INFO]: The job was executed succesfully.
[2025-05-29 10:12:40] [INFO]: Starting Job number 46: DELETE JOB
[2025-05-29 10:12:40] [INFO]: The job was executed succesfully.
[2025-05-29 10:12:40] [INFO]: Starting Job number 47: DELETE JOB
[2025-05-29 10:12:40] [INFO]: The job was executed succesfully.
[2025-05-29 10:12:40] [INFO]: Starting Job number 48: DELETE JOB
[2025-05-29 10:12:40] [INFO]: The job was executed succesfully.
[2025-05-29 10:12:40] [INFO]: Starting Job number 49: MERGE JOB
[2025-05-29 10:12:40] [INFO]: The job was executed succesfully.
[2025-05-29 10:12:40] [INFO]: Starting Job number 50: MERGE JOB
[2025-05-29 10:12:40] [INFO]: The job was executed succesfully.
[2025-05-29 10:12:40] [INFO]: Starting Job number 51: MERGE JOB
[2025-05-29 10:12:40] [INFO]: The job was executed succesfully.
[2025-05-29 10:12:40] [INFO]: Starting Job number 52: MERGE JOB
[2025-05-29 10:12:40] [INFO]: The job was executed succesfully.
[2025-05-29 10:12:40] [INFO]: Starting Job number 53: MERGE JOB
[2025-05-29 10:12:40] [INFO]: The job was executed succesfully.
[2025-05-29 10:12:40] [INFO]: Starting Job number 54: MERGE JOB
[2025-05-29 10:12:40] [INFO]: The job was executed succesfully.
[2025-05-29 10:12:40] [INFO]: Starting Job number 55: MERGE JOB
[2025-05-29 10:12:40] [INFO]: The job was executed succesfully.
[2025-05-29 10:12:40] [INFO]: Starting Job number 56: JOIN JOB
[2025-05-29 10:12:40] [INFO]: The job was executed succesfully.
[2025-05-29 10:12:40] [INFO]: Starting Job number 57: FINALIZE JOB
[2025-05-29 10:12:40] [INFO]: The job was executed succesfully.
[2025-05-29 10:12:40] [INFO]: Starting Job number 58: DELETE JOB
[2025-05-29 10:12:40] [INFO]: The job was executed succesfully.
[2025-05-29 10:12:40] [INFO]: Starting Job number 59: DELETE JOB
[2025-05-29 10:12:40] [INFO]: The job was executed succesfully.
[2025-05-29 10:12:40] [INFO]: Starting Job number 60: DELETE JOB
[2025-05-29 10:12:40] [INFO]: The job was executed succesfully.
[2025-05-29 10:12:40] [INFO]: Starting Job number 61: DELETE JOB
[2025-05-29 10:12:40] [INFO]: The job was executed succesfully.
[2025-05-29 10:12:40] [INFO]: Starting Job number 62: DELETE JOB
[2025-05-29 10:12:40] [INFO]: The job was executed succesfully.
[2025-05-29 10:12:40] [INFO]: Starting Job number 63: DELETE JOB
[2025-05-29 10:12:40] [INFO]: The job was executed succesfully.
[2025-05-29 10:12:40] [INFO]: Starting Job number 64: DELETE JOB
[2025-05-29 10:12:40] [INFO]: The job was executed succesfully.
[2025-05-29 10:12:40] [INFO]: Starting Job number 65: MERGE JOB
[2025-05-29 10:12:40] [INFO]: The job was executed succesfully.
[2025-05-29 10:12:40] [INFO]: Starting Job number 66: MERGE JOB
[2025-05-29 10:12:40] [INFO]: The job was executed succesfully.
[2025-05-29 10:12:40] [INFO]: Starting Job number 67: MERGE JOB
[2025-05-29 10:12:40] [INFO]: The job was executed succesfully.
[2025-05-29 10:12:40] [INFO]: Starting Job number 68: MERGE JOB
[2025-05-29 10:12:40] [INFO]: The job was executed succesfully.
[2025-05-29 10:12:40] [INFO]: Starting Job number 69: MERGE JOB
[2025-05-29 10:12:40] [INFO]: The job was executed succesfully.
[2025-05-29 10:12:40] [INFO]: Starting Job number 70: MERGE JOB
[2025-05-29 10:12:41] [INFO]: The job was executed succesfully.
[2025-05-29 10:12:41] [INFO]: Starting Job number 71: MERGE JOB
[2025-05-29 10:12:41] [INFO]: The job was executed succesfully.
[2025-05-29 10:12:41] [INFO]: Starting Job number 72: JOIN JOB
[2025-05-29 10:12:41] [INFO]: The job was executed succesfully.
[2025-05-29 10:12:41] [INFO]: Starting Job number 73: FINALIZE JOB
[2025-05-29 10:12:41] [INFO]: The job was executed succesfully.
[2025-05-29 10:12:41] [INFO]: Starting Job number 74: DELETE JOB
[2025-05-29 10:12:41] [INFO]: The job was executed succesfully.
[2025-05-29 10:12:41] [INFO]: Starting Job number 75: DELETE JOB
[2025-05-29 10:12:41] [INFO]: The job was executed succesfully.
[2025-05-29 10:12:41] [INFO]: Starting Job number 76: DELETE JOB
[2025-05-29 10:12:41] [INFO]: The job was executed succesfully.
[2025-05-29 10:12:41] [INFO]: Starting Job number 77: DELETE JOB
[2025-05-29 10:12:41] [INFO]: The job was executed succesfully.
[2025-05-29 10:12:41] [INFO]: Starting Job number 78: DELETE JOB
[2025-05-29 10:12:41] [INFO]: The job was executed succesfully.
[2025-05-29 10:12:41] [INFO]: Starting Job number 79: DELETE JOB
[2025-05-29 10:12:41] [INFO]: The job was executed succesfully.
[2025-05-29 10:12:41] [INFO]: Starting Job number 80: DELETE JOB
[2025-05-29 10:12:41] [INFO]: The job was executed succesfully.
[2025-05-29 10:12:41] [INFO]: Starting Job number 81: MERGE JOB
[2025-05-29 10:12:41] [INFO]: The job was executed succesfully.
[2025-05-29 10:12:41] [INFO]: Starting Job number 82: MERGE JOB
[2025-05-29 10:12:41] [INFO]: The job was executed succesfully.
[2025-05-29 10:12:41] [INFO]: Starting Job number 83: MERGE JOB
[2025-05-29 10:12:41] [INFO]: The job was executed succesfully.
[2025-05-29 10:12:41] [INFO]: Starting Job number 84: MERGE JOB
[2025-05-29 10:12:41] [INFO]: The job was executed succesfully.
[2025-05-29 10:12:41] [INFO]: Starting Job number 85: MERGE JOB
[2025-05-29 10:12:41] [INFO]: The job was executed succesfully.
[2025-05-29 10:12:41] [INFO]: Starting Job number 86: MERGE JOB
[2025-05-29 10:12:41] [INFO]: The job was executed succesfully.
[2025-05-29 10:12:41] [INFO]: Starting Job number 87: MERGE JOB
[2025-05-29 10:12:41] [INFO]: The job was executed succesfully.
[2025-05-29 10:12:41] [INFO]: Starting Job number 88: JOIN JOB
[2025-05-29 10:12:41] [INFO]: The job was executed succesfully.
[2025-05-29 10:12:41] [INFO]: Starting Job number 89: FINALIZE JOB
[2025-05-29 10:12:41] [INFO]: The job was executed succesfully.
[2025-05-29 10:12:41] [INFO]: Starting Job number 90: DELETE JOB
[2025-05-29 10:12:41] [INFO]: The job was executed succesfully.
[2025-05-29 10:12:41] [INFO]: Starting Job number 91: DELETE JOB
[2025-05-29 10:12:41] [INFO]: The job was executed succesfully.
[2025-05-29 10:12:41] [INFO]: Starting Job number 92: DELETE JOB
[2025-05-29 10:12:41] [INFO]: The job was executed succesfully.
[2025-05-29 10:12:41] [INFO]: Starting Job number 93: DELETE JOB
[2025-05-29 10:12:41] [INFO]: The job was executed succesfully.
[2025-05-29 10:12:41] [INFO]: Starting Job number 94: DELETE JOB
[2025-05-29 10:12:41] [INFO]: The job was executed succesfully.
[2025-05-29 10:12:41] [INFO]: Starting Job number 95: DELETE JOB
[2025-05-29 10:12:41] [INFO]: The job was executed succesfully.
[2025-05-29 10:12:41] [INFO]: Starting Job number 96: DELETE JOB
[2025-05-29 10:12:41] [INFO]: The job was executed succesfully.
[2025-05-29 10:12:41] [INFO]: Starting Job number 97: MERGE JOB
[2025-05-29 10:12:41] [INFO]: The job was executed succesfully.
[2025-05-29 10:12:41] [INFO]: Starting Job number 98: MERGE JOB
[2025-05-29 10:12:41] [INFO]: The job was executed succesfully.
[2025-05-29 10:12:41] [INFO]: Starting Job number 99: MERGE JOB
[2025-05-29 10:12:41] [INFO]: The job was executed succesfully.
[2025-05-29 10:12:41] [INFO]: Starting Job number 100: JOIN JOB
[2025-05-29 10:12:41] [INFO]: The job was executed succesfully.
[2025-05-29 10:12:41] [INFO]: Starting Job number 101: MERGE JOB
[2025-05-29 10:12:41] [INFO]: The job was executed succesfully.
[2025-05-29 10:12:41] [INFO]: Starting Job number 102: JOIN JOB
[2025-05-29 10:12:41] [INFO]: The job was executed succesfully.
[2025-05-29 10:12:41] [INFO]: Starting Job number 103: MERGE JOB
[2025-05-29 10:12:41] [INFO]: The job was executed succesfully.
[2025-05-29 10:12:41] [INFO]: Starting Job number 104: MERGE JOB
[2025-05-29 10:12:41] [INFO]: The job was executed succesfully.
[2025-05-29 10:12:41] [INFO]: Starting Job number 105: JOIN JOB
[2025-05-29 10:12:41] [INFO]: The job was executed succesfully.
[2025-05-29 10:12:41] [INFO]: Starting Job number 106: MERGE JOB
[2025-05-29 10:12:41] [INFO]: The job was executed succesfully.
[2025-05-29 10:12:41] [INFO]: Starting Job number 107: MERGE JOB
[2025-05-29 10:12:41] [INFO]: The job was executed succesfully.
[2025-05-29 10:12:41] [INFO]: Starting Job number 108: JOIN JOB
[2025-05-29 10:12:41] [INFO]: The job was executed succesfully.
[2025-05-29 10:12:41] [INFO]: Starting Job number 109: MERGE JOB
[2025-05-29 10:12:41] [INFO]: The job was executed succesfully.
[2025-05-29 10:12:41] [INFO]: Starting Job number 110: MERGE JOB
[2025-05-29 10:12:41] [INFO]: The job was executed succesfully.
[2025-05-29 10:12:41] [INFO]: Starting Job number 111: JOIN JOB
[2025-05-29 10:12:41] [INFO]: The job was executed succesfully.
[2025-05-29 10:12:41] [INFO]: Starting Job number 112: MERGE JOB
[2025-05-29 10:12:41] [INFO]: The job was executed succesfully.
[2025-05-29 10:12:41] [INFO]: Starting Job number 113: JOIN JOB
[2025-05-29 10:12:41] [INFO]: The job was executed succesfully.
[2025-05-29 10:12:41] [INFO]: Starting Job number 114: MERGE JOB
[2025-05-29 10:12:41] [INFO]: The job was executed succesfully.
[2025-05-29 10:12:41] [INFO]: Starting Job number 115: JOIN JOB
[2025-05-29 10:12:41] [INFO]: The job was executed succesfully.
[2025-05-29 10:12:41] [INFO]: Starting Job number 116: MERGE JOB
[2025-05-29 10:12:41] [INFO]: The job was executed succesfully.
[2025-05-29 10:12:41] [INFO]: Starting Job number 117: MERGE JOB
[2025-05-29 10:12:41] [INFO]: The job was executed succesfully.
[2025-05-29 10:12:41] [INFO]: Starting Job number 118: JOIN JOB
[2025-05-29 10:12:41] [INFO]: The job was executed succesfully.
[2025-05-29 10:12:41] [INFO]: Starting Job number 119: MERGE JOB
[2025-05-29 10:12:41] [INFO]: The job was executed succesfully.
[2025-05-29 10:12:41] [INFO]: Starting Job number 120: JOIN JOB
[2025-05-29 10:12:41] [INFO]: The job was executed succesfully.
[2025-05-29 10:12:41] [INFO]: Starting Job number 121: FINALIZE JOB
[2025-05-29 10:12:41] [INFO]: The job was executed succesfully.
[2025-05-29 10:12:41] [INFO]: Starting Job number 122: DELETE JOB
[2025-05-29 10:12:41] [INFO]: The job was executed succesfully.
[2025-05-29 10:12:41] [INFO]: Starting Job number 123: DELETE JOB
[2025-05-29 10:12:41] [INFO]: The job was executed succesfully.
[2025-05-29 10:12:41] [INFO]: Starting Job number 124: FINALIZE JOB
[2025-05-29 10:12:41] [INFO]: The job was executed succesfully.
[2025-05-29 10:12:41] [INFO]: Starting Job number 125: DELETE JOB
[2025-05-29 10:12:41] [INFO]: The job was executed succesfully.
[2025-05-29 10:12:41] [INFO]: Starting Job number 126: DELETE JOB
[2025-05-29 10:12:41] [INFO]: The job was executed succesfully.
[2025-05-29 10:12:41] [INFO]: Starting Job number 127: FINALIZE JOB
[2025-05-29 10:12:41] [INFO]: The job was executed succesfully.
[2025-05-29 10:12:41] [INFO]: Starting Job number 128: DELETE JOB
[2025-05-29 10:12:41] [INFO]: The job was executed succesfully.
[2025-05-29 10:12:41] [INFO]: Starting Job number 129: DELETE JOB
[2025-05-29 10:12:41] [INFO]: The job was executed succesfully.
[2025-05-29 10:12:41] [INFO]: Starting Job number 130: FINALIZE JOB
[2025-05-29 10:12:41] [INFO]: The job was executed succesfully.
[2025-05-29 10:12:41] [INFO]: Starting Job number 131: DELETE JOB
[2025-05-29 10:12:41] [INFO]: The job was executed succesfully.
[2025-05-29 10:12:41] [INFO]: Starting Job number 132: DELETE JOB
[2025-05-29 10:12:41] [INFO]: The job was executed succesfully.
[2025-05-29 10:12:41] [INFO]: Starting Job number 133: FINALIZE JOB
[2025-05-29 10:12:41] [INFO]: The job was executed succesfully.
[2025-05-29 10:12:41] [INFO]: Starting Job number 134: DELETE JOB
[2025-05-29 10:12:41] [INFO]: The job was executed succesfully.
[2025-05-29 10:12:41] [INFO]: Starting Job number 135: FINALIZE JOB
[2025-05-29 10:12:41] [INFO]: The job was executed succesfully.
[2025-05-29 10:12:41] [INFO]: Starting Job number 136: DELETE JOB
[2025-05-29 10:12:41] [INFO]: The job was executed succesfully.
[2025-05-29 10:12:41] [INFO]: Starting Job number 137: DELETE JOB
[2025-05-29 10:12:41] [INFO]: The job was executed succesfully.
[2025-05-29 10:12:41] [INFO]: Starting Job number 138: FINALIZE JOB
[2025-05-29 10:12:41] [INFO]: The job was executed succesfully.
[2025-05-29 10:12:41] [INFO]: Starting Job number 139: DELETE JOB
[2025-05-29 10:12:41] [INFO]: The job was executed succesfully.
[2025-05-29 10:12:41] [INFO]: Starting Job number 140: FINALIZE JOB
[2025-05-29 10:12:41] [INFO]: The job was executed succesfully.
[2025-05-29 10:12:41] [INFO]: Starting Job number 141: DELETE JOB
[2025-05-29 10:12:41] [INFO]: The job was executed succesfully.
[2025-05-29 10:12:41] [INFO]: Starting Job number 142: DELETE JOB
[2025-05-29 10:12:41] [INFO]: The job was executed succesfully.
[2025-05-29 10:12:41] [INFO]: Starting Job number 143: DELETE JOB
[2025-05-29 10:12:41] [INFO]: The job was executed succesfully.
[2025-05-29 10:12:41] [INFO]: Starting Job number 144: FINALIZE JOB
[2025-05-29 10:12:41] [INFO]: The job was executed succesfully.
[2025-05-29 10:12:41] [INFO]: Starting Job number 145: DELETE JOB
[2025-05-29 10:12:41] [INFO]: The job was executed succesfully.
[2025-05-29 10:12:41] [INFO]: DONE! Merge succeeded
